<?xml version="1.0" encoding="UTF-8"?>
<!-- Generated by org.testng.reporters.JUnitReportReporter -->
<testsuite hostname="Furkans-MacBook-Air.local" failures="0" tests="1" name="TestAutomation" time="12.873" errors="0" timestamp="06 Dec 2022 18:18:53 GMT" skipped="0">
  <testcase classname="TestAutomation" name="addProduct" time="12.873"/>
</testsuite> <!-- TestAutomation -->
